2019-07-02 14:31:02,671  INFO 6461 --- [  restartedMain] com.intbee.payment.Application           : Starting Application on lishihaideMac-mini.local with PID 6461 (/Users/zhenling/Nesting/zc-service-pay/target/classes started by zhenling in /Users/zhenling/Nesting/zc-service-pay)
2019-07-02 14:31:02,682  INFO 6461 --- [  restartedMain] com.intbee.payment.Application           : The following profiles are active: szdev
2019-07-02 14:31:02,861  INFO 6461 --- [  restartedMain] .e.DevToolsPropertyDefaultsPostProcessor : Devtools property defaults active! Set 'spring.devtools.add-properties' to 'false' to disable
2019-07-02 14:31:02,862  INFO 6461 --- [  restartedMain] .e.DevToolsPropertyDefaultsPostProcessor : For additional web related logging consider setting the 'logging.level.web' property to 'DEBUG'
2019-07-02 14:31:06,707  INFO 6461 --- [  restartedMain] trationDelegate$BeanPostProcessorChecker : Bean 'org.springframework.kafka.annotation.KafkaBootstrapConfiguration' of type [org.springframework.kafka.annotation.KafkaBootstrapConfiguration$$EnhancerBySpringCGLIB$$1623bd47] is not eligible for getting processed by all BeanPostProcessors (for example: not eligible for auto-proxying)
2019-07-02 14:31:06,919  INFO 6461 --- [  restartedMain] trationDelegate$BeanPostProcessorChecker : Bean 'org.springframework.retry.annotation.RetryConfiguration' of type [org.springframework.retry.annotation.RetryConfiguration$$EnhancerBySpringCGLIB$$383543e9] is not eligible for getting processed by all BeanPostProcessors (for example: not eligible for auto-proxying)
2019-07-02 14:31:07,030  INFO 6461 --- [  restartedMain] trationDelegate$BeanPostProcessorChecker : Bean 'org.springframework.transaction.annotation.ProxyTransactionManagementConfiguration' of type [org.springframework.transaction.annotation.ProxyTransactionManagementConfiguration$$EnhancerBySpringCGLIB$$4271abc4] is not eligible for getting processed by all BeanPostProcessors (for example: not eligible for auto-proxying)
2019-07-02 14:31:07,131  INFO 6461 --- [  restartedMain] o.s.s.concurrent.ThreadPoolTaskExecutor  : Initializing ExecutorService
2019-07-02 14:31:07,909  INFO 6461 --- [  restartedMain] o.s.b.w.embedded.tomcat.TomcatWebServer  : Tomcat initialized with port(s): 9999 (http)
2019-07-02 14:31:08,244  INFO 6461 --- [  restartedMain] o.s.web.context.ContextLoader            : Root WebApplicationContext: initialization completed in 5381 ms
2019-07-02 14:31:08,783  INFO 6461 --- [  restartedMain] c.a.d.s.b.a.DruidDataSourceAutoConfigure : Init DruidDataSource
2019-07-02 14:31:11,196  INFO 6461 --- [  restartedMain] com.alibaba.druid.pool.DruidDataSource   : {dataSource-1} inited
2019-07-02 14:31:11,936  INFO 6461 --- [  restartedMain] c.i.payment.common.config.PaymentConfig  : payment domain config: http://116.85.33.137:21999
2019-07-02 14:31:11,981  INFO 6461 --- [  restartedMain] c.i.payment.common.config.AlipayConfig   : appid [503] alipay initialized: AlipayConfig(id=503, remark=全球带-支付宝, mchid=2088221861486600, appid=2016052401436400, signType=RSA, environment=dev, privateKey=MIICdgIBADANBgkqhkiG9w0BAQEFAASCAmAwggJcAgEAAoGBAJzAkjQpzJ34jaCSwhuIVWL+1cHBmtv8L5e/3ABufLB+23QqGHqXwpOYM25TAeHzzcjsFZi8s2sIcxADbZZrBZS+30S/DxzTEJlufoVYg4jPnfjwedKhcvfvr79iNSEFUTOxP04ESxOHoBIW+Ob57x01e/+la++CS22T2rmvPksvAgMBAAECgYAET181w/h2V4E9awufSi5e3HbwLuydI+ADIilgcalICRTrqsSlikq1WDgBzpJ8rgF4htVJL9cXGFJhnFaFDkhG9bxY2IZJmx9uVyJVOzc9kDpaYhsNiBe1RHfrst5wOs29p3T3tlt5z5ERSAK6FPzcA7YVzEIuH9U+0KY+Dk0P8QJBAMoT+KlORI71ckjhghLcQCs0UyWzSlcpTGzhah3CtmJGau0Uqc2banCh+xjFSYibB8Y/cEjnnEAu6miH3a0Uhf0CQQDGlGCz2h0b5Ydi47V8I58Xx+Q8ORZ52GS84jLGjvUdgXwqXVWbGVUfrP4e4BFoYwALNYbJ6No3sCrR9P8pyEebAkApB/MWlYDQMkA5UiiyIayZ2S8E2am/lvAgr4h3cIDN5ZRyfR6ZU/RB2HH+rphmt2vVsi3fb7/HPH92KBg3u5IVAkBSv0+Qgknw7vM8fOCKKxnHQg9UHQHFoitQHf3EiZuQQP2pdZ0PdT3oZiC6Yuo+EkrZYOOazUHpRKqDNNEC6ycTAkEAqCd9GrBrW7K5eJ9+kReD2Tad7jDEI49sAwrTrpQccYwFdYIsBD57KTSanjn1BsuOBxTXOu0Lw4EkaJjq0+NTOQ==, publicKey=MIGfMA0GCSqGSIb3DQEBAQUAA4GNADCBiQKBgQDDI6d306Q8fIfCOaTXyiUeJHkrIvYISRcc73s3vF1ZT7XN8RNPwJxo8pWaJMmvyTn9N4HQ632qJBVHf8sxHi/fEsraprwCtzvzQETrNRwVxLO5jVmRGi60j8Ue1efIlzPXV9je9mkjzOmdssymZkh2QhUrCmZYI/FCEa3/cNMW0QIDAQAB, payNotifyUrl=http://116.85.33.137:21999/api/trade/payment/503/alipay/payNotify, refundNotifyUrl=http://116.85.33.137:21999/api/trade/payment/503/alipay/refundNotify)
2019-07-02 14:31:11,992  INFO 6461 --- [  restartedMain] c.i.payment.common.config.WxpayConfig    : load wx certfile from [classpath:cert/wx/apiclient_cert-503-app.p12]
2019-07-02 14:31:12,000  INFO 6461 --- [  restartedMain] c.i.payment.common.config.WxpayConfig    : load wx certfile successful
2019-07-02 14:31:12,001  INFO 6461 --- [  restartedMain] c.i.payment.common.config.WxpayConfig    : appid [503] wx initialized: WxpayConfig(id=503, payType=null, tradeType=wap, remark=全球带-微信, key=6RPA3YLKonTECiHH9uDGbYw0MdJUK5QJ, appid=wxd86049a121654669, mchid=1505417821, certPath=classpath:cert/wx/apiclient_cert-503-app.p12, payNotifyUrl=http://116.85.33.137:21999/api/trade/payment/503/wx/payNotify, refundNotifyUrl=http://116.85.33.137:21999/api/trade/payment/wx/wap/503/refundNotify, reportURL=https://api.mch.weixin.qq.com/payitil/report, connectTimeout=6000, readTimeout=8000)
2019-07-02 14:31:12,001  INFO 6461 --- [  restartedMain] c.i.payment.common.config.AlipayConfig   : appid [101] alipay initialized: AlipayConfig(id=101, remark=智蜂-支付宝, mchid=2088221861486600, appid=2016052401436400, signType=RSA, environment=dev, privateKey=MIICdgIBADANBgkqhkiG9w0BAQEFAASCAmAwggJcAgEAAoGBAJzAkjQpzJ34jaCSwhuIVWL+1cHBmtv8L5e/3ABufLB+23QqGHqXwpOYM25TAeHzzcjsFZi8s2sIcxADbZZrBZS+30S/DxzTEJlufoVYg4jPnfjwedKhcvfvr79iNSEFUTOxP04ESxOHoBIW+Ob57x01e/+la++CS22T2rmvPksvAgMBAAECgYAET181w/h2V4E9awufSi5e3HbwLuydI+ADIilgcalICRTrqsSlikq1WDgBzpJ8rgF4htVJL9cXGFJhnFaFDkhG9bxY2IZJmx9uVyJVOzc9kDpaYhsNiBe1RHfrst5wOs29p3T3tlt5z5ERSAK6FPzcA7YVzEIuH9U+0KY+Dk0P8QJBAMoT+KlORI71ckjhghLcQCs0UyWzSlcpTGzhah3CtmJGau0Uqc2banCh+xjFSYibB8Y/cEjnnEAu6miH3a0Uhf0CQQDGlGCz2h0b5Ydi47V8I58Xx+Q8ORZ52GS84jLGjvUdgXwqXVWbGVUfrP4e4BFoYwALNYbJ6No3sCrR9P8pyEebAkApB/MWlYDQMkA5UiiyIayZ2S8E2am/lvAgr4h3cIDN5ZRyfR6ZU/RB2HH+rphmt2vVsi3fb7/HPH92KBg3u5IVAkBSv0+Qgknw7vM8fOCKKxnHQg9UHQHFoitQHf3EiZuQQP2pdZ0PdT3oZiC6Yuo+EkrZYOOazUHpRKqDNNEC6ycTAkEAqCd9GrBrW7K5eJ9+kReD2Tad7jDEI49sAwrTrpQccYwFdYIsBD57KTSanjn1BsuOBxTXOu0Lw4EkaJjq0+NTOQ==, publicKey=MIGfMA0GCSqGSIb3DQEBAQUAA4GNADCBiQKBgQDDI6d306Q8fIfCOaTXyiUeJHkrIvYISRcc73s3vF1ZT7XN8RNPwJxo8pWaJMmvyTn9N4HQ632qJBVHf8sxHi/fEsraprwCtzvzQETrNRwVxLO5jVmRGi60j8Ue1efIlzPXV9je9mkjzOmdssymZkh2QhUrCmZYI/FCEa3/cNMW0QIDAQAB, payNotifyUrl=http://116.85.33.137:21999/api/trade/payment/101/alipay/payNotify, refundNotifyUrl=http://116.85.33.137:21999/api/trade/payment/101/alipay/refundNotify)
2019-07-02 14:31:12,003  INFO 6461 --- [  restartedMain] c.i.payment.common.config.WxpayConfig    : load wx certfile from [classpath:cert/wx/apiclient_cert-1367026602.p12]
2019-07-02 14:31:12,004  INFO 6461 --- [  restartedMain] c.i.payment.common.config.WxpayConfig    : load wx certfile successful
2019-07-02 14:31:12,005  INFO 6461 --- [  restartedMain] c.i.payment.common.config.WxpayConfig    : appid [101] wx initialized: WxpayConfig(id=101, payType=null, tradeType=wap, remark=智蜂-微信, key=d195f111fd3bf436951b90973f0ccac8, appid=wxf712db1e1042a294, mchid=1367026602, certPath=classpath:cert/wx/apiclient_cert-1367026602.p12, payNotifyUrl=http://116.85.33.137:21999/api/trade/payment/101/wx/payNotify, refundNotifyUrl=http://116.85.33.137:21999/api/trade/payment/wx/wap/101/refundNotify, reportURL=https://api.mch.weixin.qq.com/payitil/report, connectTimeout=6000, readTimeout=8000)
2019-07-02 14:31:12,006  INFO 6461 --- [  restartedMain] c.i.payment.common.config.WxpayConfig    : load wx certfile from [classpath:cert/wx/apiclient_cert-1429146602.p12]
2019-07-02 14:31:12,007  INFO 6461 --- [  restartedMain] c.i.payment.common.config.WxpayConfig    : load wx certfile successful
2019-07-02 14:31:12,007  INFO 6461 --- [  restartedMain] c.i.payment.common.config.WxpayConfig    : appid [101] wx initialized: WxpayConfig(id=101, payType=null, tradeType=lite, remark=小程序-微信, key=d195f111fd3bf436951b90973f0ccac8, appid=wxc9d0a70977ecf5fe, mchid=1429146602, certPath=classpath:cert/wx/apiclient_cert-1429146602.p12, payNotifyUrl=http://116.85.33.137:21999/api/trade/payment/101/wx/payNotify, refundNotifyUrl=http://116.85.33.137:21999/api/trade/payment/wx/lite/101/refundNotify, reportURL=https://api.mch.weixin.qq.com/payitil/report, connectTimeout=6000, readTimeout=8000)
2019-07-02 14:31:12,008  INFO 6461 --- [  restartedMain] c.i.payment.common.config.WxpayConfig    : load wx certfile from [classpath:cert/wx/apiclient_cert-501-lite.p12]
2019-07-02 14:31:12,009  INFO 6461 --- [  restartedMain] c.i.payment.common.config.WxpayConfig    : load wx certfile successful
2019-07-02 14:31:12,009  INFO 6461 --- [  restartedMain] c.i.payment.common.config.WxpayConfig    : appid [501] wx initialized: WxpayConfig(id=501, payType=null, tradeType=wap, remark=高校通-微信, key=d195f111fd3bf436951b90973f0ccac8, appid=wx1e86ddc5b2485ab2, mchid=1429146602, certPath=classpath:cert/wx/apiclient_cert-501-lite.p12, payNotifyUrl=http://116.85.33.137:21999/api/trade/payment/501/wx/payNotify, refundNotifyUrl=http://116.85.33.137:21999/api/trade/payment/wx/wap/501/refundNotify, reportURL=https://api.mch.weixin.qq.com/payitil/report, connectTimeout=6000, readTimeout=8000)
2019-07-02 14:31:12,010  INFO 6461 --- [  restartedMain] c.i.payment.common.config.WxpayConfig    : load wx certfile from [classpath:cert/wx/apiclient_cert-501-lite.p12]
2019-07-02 14:31:12,011  INFO 6461 --- [  restartedMain] c.i.payment.common.config.WxpayConfig    : load wx certfile successful
2019-07-02 14:31:12,011  INFO 6461 --- [  restartedMain] c.i.payment.common.config.WxpayConfig    : appid [501] wx initialized: WxpayConfig(id=501, payType=null, tradeType=lite, remark=高校通小程序-微信, key=d195f111fd3bf436951b90973f0ccac8, appid=wx1e86ddc5b2485ab2, mchid=1429146602, certPath=classpath:cert/wx/apiclient_cert-501-lite.p12, payNotifyUrl=http://116.85.33.137:21999/api/trade/payment/501/wx/payNotify, refundNotifyUrl=http://116.85.33.137:21999/api/trade/payment/wx/lite/501/refundNotify, reportURL=https://api.mch.weixin.qq.com/payitil/report, connectTimeout=6000, readTimeout=8000)
2019-07-02 14:31:13,005  INFO 6461 --- [  restartedMain] c.i.p.m.t.s.impl.PaymentServiceProxy     : registe PaymentService: alipay -> class com.intbee.payment.modules.trade.service.impl.AlipayServiceImpl$$EnhancerBySpringCGLIB$$90759acf
2019-07-02 14:31:13,023  INFO 6461 --- [  restartedMain] c.i.p.m.t.s.impl.PaymentServiceProxy     : registe PaymentService: wx -> class com.intbee.payment.modules.trade.service.impl.WxServiceImpl$$EnhancerBySpringCGLIB$$abdb688a
2019-07-02 14:31:13,188  INFO 6461 --- [  restartedMain] c.i.p.m.t.service.impl.BillServiceProxy  : registe BillService: alipay -> class com.intbee.payment.modules.trade.service.impl.AlipayBillServiceImpl
2019-07-02 14:31:13,189  INFO 6461 --- [  restartedMain] c.i.p.m.t.service.impl.BillServiceProxy  : registe BillService: wx -> class com.intbee.payment.modules.trade.service.impl.WxBillServiceImpl
2019-07-02 14:31:14,358  INFO 6461 --- [  restartedMain] o.s.b.a.e.web.EndpointLinksResolver      : Exposing 5 endpoint(s) beneath base path '/actuator'
2019-07-02 14:31:15,114  INFO 6461 --- [  restartedMain] o.s.s.concurrent.ThreadPoolTaskExecutor  : Initializing ExecutorService 'applicationTaskExecutor'
2019-07-02 14:31:15,203  INFO 6461 --- [  restartedMain] o.s.b.d.a.OptionalLiveReloadServer       : LiveReload server is running on port 35729
2019-07-02 14:31:16,098  INFO 6461 --- [  restartedMain] o.s.s.c.ThreadPoolTaskScheduler          : Initializing ExecutorService 'taskScheduler'
2019-07-02 14:31:17,237  INFO 6461 --- [  restartedMain] o.s.b.w.embedded.tomcat.TomcatWebServer  : Tomcat started on port(s): 9999 (http) with context path '/api'
2019-07-02 14:31:17,245  INFO 6461 --- [  restartedMain] com.intbee.payment.Application           : Started Application in 16.06 seconds (JVM running for 17.616)
2019-07-02 14:32:10,512  INFO 6461 --- [nio-9999-exec-1] o.s.web.servlet.DispatcherServlet        : Initializing Servlet 'dispatcherServlet'
2019-07-02 14:32:10,532  INFO 6461 --- [nio-9999-exec-1] o.s.web.servlet.DispatcherServlet        : Completed initialization in 19 ms
2019-07-02 14:33:49,402  INFO 6461 --- [nio-9999-exec-3] c.i.p.m.trade.controller.BillController  : compareBatchList: request={batchName=null, payType=null, offset=0, appId=null, limit=5, billStatus=null, billDate=null}
2019-07-02 14:33:49,666 DEBUG 6461 --- [nio-9999-exec-3] c.i.p.m.t.d.B.compareBatchList           : ==>  Preparing: select `id`,`app_id`, `name`, `pay_type`, `bill_date`, `mistake_count`, `unhandle_mistake_count`, `bill_pay_count`, `request_pay_count`, `bill_refund_count`, `request_refund_count`, `bill_pay_amount`, `request_pay_amount`, `bill_refund_amount`, `request_refund_amount`, `pay_service_charge`, `refund_service_charge`, `create_time`, `update_time` from pay_center3_bill_compare_batch ORDER BY bill_date DESC,create_time DESC limit ?,? 
2019-07-02 14:33:49,749 DEBUG 6461 --- [nio-9999-exec-3] c.i.p.m.t.d.B.compareBatchList           : ==> Parameters: 0(Integer), 5(Integer)
2019-07-02 14:33:49,864 DEBUG 6461 --- [nio-9999-exec-3] c.i.p.m.t.d.B.compareBatchList           : <==      Total: 5
2019-07-02 14:33:49,880 DEBUG 6461 --- [nio-9999-exec-3] c.i.p.m.t.d.B.compareBatchCount          : ==>  Preparing: select count(1) from pay_center3_bill_compare_batch 
2019-07-02 14:33:49,887 DEBUG 6461 --- [nio-9999-exec-3] c.i.p.m.t.d.B.compareBatchCount          : ==> Parameters: 
2019-07-02 14:33:49,895 DEBUG 6461 --- [nio-9999-exec-3] c.i.p.m.t.d.B.compareBatchCount          : <==      Total: 1
2019-07-02 14:36:17,162  INFO 6461 --- [   scheduling-1] c.i.p.timer.RequestResultQueryTimer      : task payQuery start...
2019-07-02 14:36:17,308 DEBUG 6461 --- [   scheduling-1] c.i.p.m.t.d.P.findUnqueryBetweenDate     : ==>  Preparing: select pr.id, pr.app_id, pr.pay_type, pr.channel, pr.order_no, pr.amount, pr.subject, pr.sign_type, pr.client_ip, pr.extra, pr.create_time from pay_center3_pay_request pr left join pay_center3_pay_query_result pqr on pr.pay_type = pqr.pay_type and pr.order_no = pqr.order_no where pqr.app_id is null and pr.create_time between ? and ? 
2019-07-02 14:36:17,310 DEBUG 6461 --- [   scheduling-1] c.i.p.m.t.d.P.findUnqueryBetweenDate     : ==> Parameters: 2019-06-30 14:36:17.185(Timestamp), 2019-07-02 14:36:17.185(Timestamp)
2019-07-02 14:36:17,321 DEBUG 6461 --- [   scheduling-1] c.i.p.m.t.d.P.findUnqueryBetweenDate     : <==      Total: 0
2019-07-02 14:36:20,924  INFO 6461 --- [io-9999-exec-10] c.i.p.m.trade.controller.BillController  : compareBatchList: request={batchName=null, payType=null, offset=0, appId=null, limit=5, billStatus=null, billDate=null}
2019-07-02 14:36:20,925 DEBUG 6461 --- [io-9999-exec-10] c.i.p.m.t.d.B.compareBatchList           : ==>  Preparing: select `id`,`app_id`, `name`, `pay_type`, `bill_date`, `mistake_count`, `unhandle_mistake_count`, `bill_pay_count`, `request_pay_count`, `bill_refund_count`, `request_refund_count`, `bill_pay_amount`, `request_pay_amount`, `bill_refund_amount`, `request_refund_amount`, `pay_service_charge`, `refund_service_charge`, `create_time`, `update_time` from pay_center3_bill_compare_batch ORDER BY bill_date DESC,create_time DESC limit ?,? 
2019-07-02 14:36:20,932 DEBUG 6461 --- [io-9999-exec-10] c.i.p.m.t.d.B.compareBatchList           : ==> Parameters: 0(Integer), 5(Integer)
2019-07-02 14:36:20,954 DEBUG 6461 --- [io-9999-exec-10] c.i.p.m.t.d.B.compareBatchList           : <==      Total: 5
2019-07-02 14:36:20,955 DEBUG 6461 --- [io-9999-exec-10] c.i.p.m.t.d.B.compareBatchCount          : ==>  Preparing: select count(1) from pay_center3_bill_compare_batch 
2019-07-02 14:36:20,956 DEBUG 6461 --- [io-9999-exec-10] c.i.p.m.t.d.B.compareBatchCount          : ==> Parameters: 
2019-07-02 14:36:20,963 DEBUG 6461 --- [io-9999-exec-10] c.i.p.m.t.d.B.compareBatchCount          : <==      Total: 1
2019-07-02 14:37:53,629  INFO 6461 --- [nio-9999-exec-1] c.i.p.m.trade.controller.BillController  : compareBatchList: request={batchName=null, payType=null, offset=0, appId=null, limit=5, billStatus=null, billDate=null}
2019-07-02 14:37:53,639 DEBUG 6461 --- [nio-9999-exec-1] c.i.p.m.t.d.B.compareBatchList           : ==>  Preparing: select `id`,`app_id`, `name`, `pay_type`, `bill_date`, `mistake_count`, `unhandle_mistake_count`, `bill_pay_count`, `request_pay_count`, `bill_refund_count`, `request_refund_count`, `bill_pay_amount`, `request_pay_amount`, `bill_refund_amount`, `request_refund_amount`, `pay_service_charge`, `refund_service_charge`, `create_time`, `update_time` from pay_center3_bill_compare_batch ORDER BY bill_date DESC,create_time DESC limit ?,? 
2019-07-02 14:37:53,640 DEBUG 6461 --- [nio-9999-exec-1] c.i.p.m.t.d.B.compareBatchList           : ==> Parameters: 0(Integer), 5(Integer)
2019-07-02 14:37:53,648 DEBUG 6461 --- [nio-9999-exec-1] c.i.p.m.t.d.B.compareBatchList           : <==      Total: 5
2019-07-02 14:37:53,650 DEBUG 6461 --- [nio-9999-exec-1] c.i.p.m.t.d.B.compareBatchCount          : ==>  Preparing: select count(1) from pay_center3_bill_compare_batch 
2019-07-02 14:37:53,651 DEBUG 6461 --- [nio-9999-exec-1] c.i.p.m.t.d.B.compareBatchCount          : ==> Parameters: 
2019-07-02 14:37:53,653 DEBUG 6461 --- [nio-9999-exec-1] c.i.p.m.t.d.B.compareBatchCount          : <==      Total: 1
2019-07-02 14:39:12,605  INFO 6461 --- [nio-9999-exec-5] c.i.p.m.trade.controller.BillController  : compareBatchList: request={batchName=null, payType=alipay, offset=0, appId=null, limit=5, billStatus=null, billDate=null}
2019-07-02 14:39:12,615 DEBUG 6461 --- [nio-9999-exec-5] c.i.p.m.t.d.B.compareBatchList           : ==>  Preparing: select `id`,`app_id`, `name`, `pay_type`, `bill_date`, `mistake_count`, `unhandle_mistake_count`, `bill_pay_count`, `request_pay_count`, `bill_refund_count`, `request_refund_count`, `bill_pay_amount`, `request_pay_amount`, `bill_refund_amount`, `request_refund_amount`, `pay_service_charge`, `refund_service_charge`, `create_time`, `update_time` from pay_center3_bill_compare_batch WHERE pay_type = ? ORDER BY bill_date DESC,create_time DESC limit ?,? 
2019-07-02 14:39:12,617 DEBUG 6461 --- [nio-9999-exec-5] c.i.p.m.t.d.B.compareBatchList           : ==> Parameters: alipay(String), 0(Integer), 5(Integer)
2019-07-02 14:39:12,630 DEBUG 6461 --- [nio-9999-exec-5] c.i.p.m.t.d.B.compareBatchList           : <==      Total: 5
2019-07-02 14:39:12,632 DEBUG 6461 --- [nio-9999-exec-5] c.i.p.m.t.d.B.compareBatchCount          : ==>  Preparing: select count(1) from pay_center3_bill_compare_batch WHERE pay_type = ? 
2019-07-02 14:39:12,633 DEBUG 6461 --- [nio-9999-exec-5] c.i.p.m.t.d.B.compareBatchCount          : ==> Parameters: alipay(String)
2019-07-02 14:39:12,636 DEBUG 6461 --- [nio-9999-exec-5] c.i.p.m.t.d.B.compareBatchCount          : <==      Total: 1
2019-07-02 14:40:02,992  INFO 6461 --- [nio-9999-exec-8] c.i.p.m.trade.controller.BillController  : compareBatchList: request={batchName=null, payType=null, offset=0, appId=null, limit=5, billStatus=null, billDate=null}
2019-07-02 14:40:02,994 DEBUG 6461 --- [nio-9999-exec-8] c.i.p.m.t.d.B.compareBatchList           : ==>  Preparing: select `id`,`app_id`, `name`, `pay_type`, `bill_date`, `mistake_count`, `unhandle_mistake_count`, `bill_pay_count`, `request_pay_count`, `bill_refund_count`, `request_refund_count`, `bill_pay_amount`, `request_pay_amount`, `bill_refund_amount`, `request_refund_amount`, `pay_service_charge`, `refund_service_charge`, `create_time`, `update_time` from pay_center3_bill_compare_batch ORDER BY bill_date DESC,create_time DESC limit ?,? 
2019-07-02 14:40:02,996 DEBUG 6461 --- [nio-9999-exec-8] c.i.p.m.t.d.B.compareBatchList           : ==> Parameters: 0(Integer), 5(Integer)
2019-07-02 14:40:03,015 DEBUG 6461 --- [nio-9999-exec-8] c.i.p.m.t.d.B.compareBatchList           : <==      Total: 5
2019-07-02 14:40:03,018 DEBUG 6461 --- [nio-9999-exec-8] c.i.p.m.t.d.B.compareBatchCount          : ==>  Preparing: select count(1) from pay_center3_bill_compare_batch 
2019-07-02 14:40:03,019 DEBUG 6461 --- [nio-9999-exec-8] c.i.p.m.t.d.B.compareBatchCount          : ==> Parameters: 
2019-07-02 14:40:03,023 DEBUG 6461 --- [nio-9999-exec-8] c.i.p.m.t.d.B.compareBatchCount          : <==      Total: 1
2019-07-02 14:40:29,212  INFO 6461 --- [nio-9999-exec-7] c.i.p.m.trade.controller.BillController  : compareBatchList: request={batchName=null, payType=alipay, offset=0, appId=101, limit=5, billStatus=null, billDate=null}
2019-07-02 14:40:29,213 DEBUG 6461 --- [nio-9999-exec-7] c.i.p.m.t.d.B.compareBatchList           : ==>  Preparing: select `id`,`app_id`, `name`, `pay_type`, `bill_date`, `mistake_count`, `unhandle_mistake_count`, `bill_pay_count`, `request_pay_count`, `bill_refund_count`, `request_refund_count`, `bill_pay_amount`, `request_pay_amount`, `bill_refund_amount`, `request_refund_amount`, `pay_service_charge`, `refund_service_charge`, `create_time`, `update_time` from pay_center3_bill_compare_batch WHERE app_id = ? and pay_type = ? ORDER BY bill_date DESC,create_time DESC limit ?,? 
2019-07-02 14:40:29,215 DEBUG 6461 --- [nio-9999-exec-7] c.i.p.m.t.d.B.compareBatchList           : ==> Parameters: 101(String), alipay(String), 0(Integer), 5(Integer)
2019-07-02 14:40:29,223 DEBUG 6461 --- [nio-9999-exec-7] c.i.p.m.t.d.B.compareBatchList           : <==      Total: 5
2019-07-02 14:40:29,225 DEBUG 6461 --- [nio-9999-exec-7] c.i.p.m.t.d.B.compareBatchCount          : ==>  Preparing: select count(1) from pay_center3_bill_compare_batch WHERE app_id = ? and pay_type = ? 
2019-07-02 14:40:29,226 DEBUG 6461 --- [nio-9999-exec-7] c.i.p.m.t.d.B.compareBatchCount          : ==> Parameters: 101(String), alipay(String)
2019-07-02 14:40:29,238 DEBUG 6461 --- [nio-9999-exec-7] c.i.p.m.t.d.B.compareBatchCount          : <==      Total: 1
2019-07-02 14:40:46,041  INFO 6461 --- [io-9999-exec-10] c.i.p.m.trade.controller.BillController  : compareBatchList: request={batchName=null, payType=alipay, offset=0, appId=501, limit=5, billStatus=null, billDate=null}
2019-07-02 14:40:46,044 DEBUG 6461 --- [io-9999-exec-10] c.i.p.m.t.d.B.compareBatchList           : ==>  Preparing: select `id`,`app_id`, `name`, `pay_type`, `bill_date`, `mistake_count`, `unhandle_mistake_count`, `bill_pay_count`, `request_pay_count`, `bill_refund_count`, `request_refund_count`, `bill_pay_amount`, `request_pay_amount`, `bill_refund_amount`, `request_refund_amount`, `pay_service_charge`, `refund_service_charge`, `create_time`, `update_time` from pay_center3_bill_compare_batch WHERE app_id = ? and pay_type = ? ORDER BY bill_date DESC,create_time DESC limit ?,? 
2019-07-02 14:40:46,045 DEBUG 6461 --- [io-9999-exec-10] c.i.p.m.t.d.B.compareBatchList           : ==> Parameters: 501(String), alipay(String), 0(Integer), 5(Integer)
2019-07-02 14:40:46,052 DEBUG 6461 --- [io-9999-exec-10] c.i.p.m.t.d.B.compareBatchList           : <==      Total: 0
2019-07-02 14:40:46,079 DEBUG 6461 --- [io-9999-exec-10] c.i.p.m.t.d.B.compareBatchCount          : ==>  Preparing: select count(1) from pay_center3_bill_compare_batch WHERE app_id = ? and pay_type = ? 
2019-07-02 14:40:46,081 DEBUG 6461 --- [io-9999-exec-10] c.i.p.m.t.d.B.compareBatchCount          : ==> Parameters: 501(String), alipay(String)
2019-07-02 14:40:46,085 DEBUG 6461 --- [io-9999-exec-10] c.i.p.m.t.d.B.compareBatchCount          : <==      Total: 1
2019-07-02 14:40:46,088  WARN 6461 --- [io-9999-exec-10] c.i.payment.common.WebExceptionHandler   : IllegalStateException: 无匹配的批次记录
2019-07-02 14:40:46,090  WARN 6461 --- [io-9999-exec-10] .m.m.a.ExceptionHandlerExceptionResolver : Resolved [java.lang.IllegalStateException: 无匹配的批次记录]
2019-07-02 14:42:30,812  INFO 6461 --- [nio-9999-exec-5] c.i.p.m.trade.controller.BillController  : compareBatchList: request={batchName=null, payType=null, offset=0, appId=null, limit=5, billStatus=null, billDate=null}
2019-07-02 14:42:30,824 DEBUG 6461 --- [nio-9999-exec-5] c.i.p.m.t.d.B.compareBatchList           : ==>  Preparing: select `id`,`app_id`, `name`, `pay_type`, `bill_date`, `mistake_count`, `unhandle_mistake_count`, `bill_pay_count`, `request_pay_count`, `bill_refund_count`, `request_refund_count`, `bill_pay_amount`, `request_pay_amount`, `bill_refund_amount`, `request_refund_amount`, `pay_service_charge`, `refund_service_charge`, `create_time`, `update_time` from pay_center3_bill_compare_batch ORDER BY bill_date DESC,create_time DESC limit ?,? 
2019-07-02 14:42:30,826 DEBUG 6461 --- [nio-9999-exec-5] c.i.p.m.t.d.B.compareBatchList           : ==> Parameters: 0(Integer), 5(Integer)
2019-07-02 14:42:30,835 DEBUG 6461 --- [nio-9999-exec-5] c.i.p.m.t.d.B.compareBatchList           : <==      Total: 5
2019-07-02 14:42:30,838 DEBUG 6461 --- [nio-9999-exec-5] c.i.p.m.t.d.B.compareBatchCount          : ==>  Preparing: select count(1) from pay_center3_bill_compare_batch 
2019-07-02 14:42:30,838 DEBUG 6461 --- [nio-9999-exec-5] c.i.p.m.t.d.B.compareBatchCount          : ==> Parameters: 
2019-07-02 14:42:30,841 DEBUG 6461 --- [nio-9999-exec-5] c.i.p.m.t.d.B.compareBatchCount          : <==      Total: 1
2019-07-02 14:43:48,407 ERROR 6461 --- [nio-9999-exec-8] c.i.payment.common.WebExceptionHandler   : unkonw exception: 
org.springframework.web.HttpRequestMethodNotSupportedException: Request method 'GET' not supported
	at org.springframework.web.servlet.mvc.method.RequestMappingInfoHandlerMapping.handleNoMatch(RequestMappingInfoHandlerMapping.java:200)
	at org.springframework.web.servlet.handler.AbstractHandlerMethodMapping.lookupHandlerMethod(AbstractHandlerMethodMapping.java:422)
	at org.springframework.web.servlet.handler.AbstractHandlerMethodMapping.getHandlerInternal(AbstractHandlerMethodMapping.java:368)
	at org.springframework.web.servlet.handler.AbstractHandlerMethodMapping.getHandlerInternal(AbstractHandlerMethodMapping.java:65)
	at org.springframework.web.servlet.handler.AbstractHandlerMapping.getHandler(AbstractHandlerMapping.java:401)
	at org.springframework.web.servlet.DispatcherServlet.getHandler(DispatcherServlet.java:1231)
	at org.springframework.web.servlet.DispatcherServlet.doDispatch(DispatcherServlet.java:1014)
	at org.springframework.web.servlet.DispatcherServlet.doService(DispatcherServlet.java:942)
	at org.springframework.web.servlet.FrameworkServlet.processRequest(FrameworkServlet.java:1005)
	at org.springframework.web.servlet.FrameworkServlet.doGet(FrameworkServlet.java:897)
	at javax.servlet.http.HttpServlet.service(HttpServlet.java:634)
	at org.springframework.web.servlet.FrameworkServlet.service(FrameworkServlet.java:882)
	at javax.servlet.http.HttpServlet.service(HttpServlet.java:741)
	at org.apache.catalina.core.ApplicationFilterChain.internalDoFilter(ApplicationFilterChain.java:231)
	at org.apache.catalina.core.ApplicationFilterChain.doFilter(ApplicationFilterChain.java:166)
	at org.apache.tomcat.websocket.server.WsFilter.doFilter(WsFilter.java:53)
	at org.apache.catalina.core.ApplicationFilterChain.internalDoFilter(ApplicationFilterChain.java:193)
	at org.apache.catalina.core.ApplicationFilterChain.doFilter(ApplicationFilterChain.java:166)
	at com.alibaba.druid.support.http.WebStatFilter.doFilter(WebStatFilter.java:123)
	at org.apache.catalina.core.ApplicationFilterChain.internalDoFilter(ApplicationFilterChain.java:193)
	at org.apache.catalina.core.ApplicationFilterChain.doFilter(ApplicationFilterChain.java:166)
	at org.springframework.boot.actuate.web.trace.servlet.HttpTraceFilter.doFilterInternal(HttpTraceFilter.java:90)
	at org.springframework.web.filter.OncePerRequestFilter.doFilter(OncePerRequestFilter.java:107)
	at org.apache.catalina.core.ApplicationFilterChain.internalDoFilter(ApplicationFilterChain.java:193)
	at org.apache.catalina.core.ApplicationFilterChain.doFilter(ApplicationFilterChain.java:166)
	at org.springframework.web.filter.RequestContextFilter.doFilterInternal(RequestContextFilter.java:99)
	at org.springframework.web.filter.OncePerRequestFilter.doFilter(OncePerRequestFilter.java:107)
	at org.apache.catalina.core.ApplicationFilterChain.internalDoFilter(ApplicationFilterChain.java:193)
	at org.apache.catalina.core.ApplicationFilterChain.doFilter(ApplicationFilterChain.java:166)
	at org.springframework.web.filter.FormContentFilter.doFilterInternal(FormContentFilter.java:92)
	at org.springframework.web.filter.OncePerRequestFilter.doFilter(OncePerRequestFilter.java:107)
	at org.apache.catalina.core.ApplicationFilterChain.internalDoFilter(ApplicationFilterChain.java:193)
	at org.apache.catalina.core.ApplicationFilterChain.doFilter(ApplicationFilterChain.java:166)
	at org.springframework.web.filter.HiddenHttpMethodFilter.doFilterInternal(HiddenHttpMethodFilter.java:93)
	at org.springframework.web.filter.OncePerRequestFilter.doFilter(OncePerRequestFilter.java:107)
	at org.apache.catalina.core.ApplicationFilterChain.internalDoFilter(ApplicationFilterChain.java:193)
	at org.apache.catalina.core.ApplicationFilterChain.doFilter(ApplicationFilterChain.java:166)
	at org.springframework.boot.actuate.metrics.web.servlet.WebMvcMetricsFilter.filterAndRecordMetrics(WebMvcMetricsFilter.java:117)
	at org.springframework.boot.actuate.metrics.web.servlet.WebMvcMetricsFilter.doFilterInternal(WebMvcMetricsFilter.java:106)
	at org.springframework.web.filter.OncePerRequestFilter.doFilter(OncePerRequestFilter.java:107)
	at org.apache.catalina.core.ApplicationFilterChain.internalDoFilter(ApplicationFilterChain.java:193)
	at org.apache.catalina.core.ApplicationFilterChain.doFilter(ApplicationFilterChain.java:166)
	at org.springframework.web.filter.CharacterEncodingFilter.doFilterInternal(CharacterEncodingFilter.java:200)
	at org.springframework.web.filter.OncePerRequestFilter.doFilter(OncePerRequestFilter.java:107)
	at org.apache.catalina.core.ApplicationFilterChain.internalDoFilter(ApplicationFilterChain.java:193)
	at org.apache.catalina.core.ApplicationFilterChain.doFilter(ApplicationFilterChain.java:166)
	at org.apache.catalina.core.StandardWrapperValve.invoke(StandardWrapperValve.java:199)
	at org.apache.catalina.core.StandardContextValve.invoke(StandardContextValve.java:96)
	at org.apache.catalina.authenticator.AuthenticatorBase.invoke(AuthenticatorBase.java:490)
	at org.apache.catalina.core.StandardHostValve.invoke(StandardHostValve.java:139)
	at org.apache.catalina.valves.ErrorReportValve.invoke(ErrorReportValve.java:92)
	at org.apache.catalina.core.StandardEngineValve.invoke(StandardEngineValve.java:74)
	at org.apache.catalina.connector.CoyoteAdapter.service(CoyoteAdapter.java:343)
	at org.apache.coyote.http11.Http11Processor.service(Http11Processor.java:408)
	at org.apache.coyote.AbstractProcessorLight.process(AbstractProcessorLight.java:66)
	at org.apache.coyote.AbstractProtocol$ConnectionHandler.process(AbstractProtocol.java:791)
	at org.apache.tomcat.util.net.NioEndpoint$SocketProcessor.doRun(NioEndpoint.java:1417)
	at org.apache.tomcat.util.net.SocketProcessorBase.run(SocketProcessorBase.java:49)
	at java.util.concurrent.ThreadPoolExecutor.runWorker(ThreadPoolExecutor.java:1149)
	at java.util.concurrent.ThreadPoolExecutor$Worker.run(ThreadPoolExecutor.java:624)
	at org.apache.tomcat.util.threads.TaskThread$WrappingRunnable.run(TaskThread.java:61)
	at java.lang.Thread.run(Thread.java:748)
2019-07-02 14:43:48,411  WARN 6461 --- [nio-9999-exec-8] .m.m.a.ExceptionHandlerExceptionResolver : Resolved [org.springframework.web.HttpRequestMethodNotSupportedException: Request method 'GET' not supported]
2019-07-02 14:43:58,066  INFO 6461 --- [nio-9999-exec-6] c.i.p.m.trade.controller.BillController  : compareBatchList: request={batchName=null, payType=null, offset=0, appId=null, limit=5, billStatus=null, billDate=null}
2019-07-02 14:43:58,074 DEBUG 6461 --- [nio-9999-exec-6] c.i.p.m.t.d.B.compareBatchList           : ==>  Preparing: select `id`,`app_id`, `name`, `pay_type`, `bill_date`, `mistake_count`, `unhandle_mistake_count`, `bill_pay_count`, `request_pay_count`, `bill_refund_count`, `request_refund_count`, `bill_pay_amount`, `request_pay_amount`, `bill_refund_amount`, `request_refund_amount`, `pay_service_charge`, `refund_service_charge`, `create_time`, `update_time` from pay_center3_bill_compare_batch ORDER BY bill_date DESC,create_time DESC limit ?,? 
2019-07-02 14:43:58,075 DEBUG 6461 --- [nio-9999-exec-6] c.i.p.m.t.d.B.compareBatchList           : ==> Parameters: 0(Integer), 5(Integer)
2019-07-02 14:43:58,081 DEBUG 6461 --- [nio-9999-exec-6] c.i.p.m.t.d.B.compareBatchList           : <==      Total: 5
2019-07-02 14:43:58,083 DEBUG 6461 --- [nio-9999-exec-6] c.i.p.m.t.d.B.compareBatchCount          : ==>  Preparing: select count(1) from pay_center3_bill_compare_batch 
2019-07-02 14:43:58,083 DEBUG 6461 --- [nio-9999-exec-6] c.i.p.m.t.d.B.compareBatchCount          : ==> Parameters: 
2019-07-02 14:43:58,086 DEBUG 6461 --- [nio-9999-exec-6] c.i.p.m.t.d.B.compareBatchCount          : <==      Total: 1
2019-07-02 14:44:47,859  INFO 6461 --- [nio-9999-exec-7] c.i.p.m.trade.controller.BillController  : compareBatchList: request={batchName=null, payType=null, offset=0, appId=null, limit=5, billStatus=null, billDate=null}
2019-07-02 14:44:47,860 DEBUG 6461 --- [nio-9999-exec-7] c.i.p.m.t.d.B.compareBatchList           : ==>  Preparing: select `id`,`app_id`, `name`, `pay_type`, `bill_date`, `mistake_count`, `unhandle_mistake_count`, `bill_pay_count`, `request_pay_count`, `bill_refund_count`, `request_refund_count`, `bill_pay_amount`, `request_pay_amount`, `bill_refund_amount`, `request_refund_amount`, `pay_service_charge`, `refund_service_charge`, `create_time`, `update_time` from pay_center3_bill_compare_batch ORDER BY bill_date DESC,create_time DESC limit ?,? 
2019-07-02 14:44:47,861 DEBUG 6461 --- [nio-9999-exec-7] c.i.p.m.t.d.B.compareBatchList           : ==> Parameters: 0(Integer), 5(Integer)
2019-07-02 14:44:47,868 DEBUG 6461 --- [nio-9999-exec-7] c.i.p.m.t.d.B.compareBatchList           : <==      Total: 5
2019-07-02 14:44:47,871 DEBUG 6461 --- [nio-9999-exec-7] c.i.p.m.t.d.B.compareBatchCount          : ==>  Preparing: select count(1) from pay_center3_bill_compare_batch 
2019-07-02 14:44:47,872 DEBUG 6461 --- [nio-9999-exec-7] c.i.p.m.t.d.B.compareBatchCount          : ==> Parameters: 
2019-07-02 14:44:47,876 DEBUG 6461 --- [nio-9999-exec-7] c.i.p.m.t.d.B.compareBatchCount          : <==      Total: 1
2019-07-02 14:46:28,207  INFO 6461 --- [nio-9999-exec-2] c.i.p.m.trade.controller.BillController  : compareBatchList: request={batchName=null, payType=null, offset=0, appId=null, limit=5, billStatus=null, billDate=null}
2019-07-02 14:46:28,220 DEBUG 6461 --- [nio-9999-exec-2] c.i.p.m.t.d.B.compareBatchList           : ==>  Preparing: select `id`,`app_id`, `name`, `pay_type`, `bill_date`, `mistake_count`, `unhandle_mistake_count`, `bill_pay_count`, `request_pay_count`, `bill_refund_count`, `request_refund_count`, `bill_pay_amount`, `request_pay_amount`, `bill_refund_amount`, `request_refund_amount`, `pay_service_charge`, `refund_service_charge`, `create_time`, `update_time` from pay_center3_bill_compare_batch ORDER BY bill_date DESC,create_time DESC limit ?,? 
2019-07-02 14:46:28,220 DEBUG 6461 --- [nio-9999-exec-2] c.i.p.m.t.d.B.compareBatchList           : ==> Parameters: 0(Integer), 5(Integer)
2019-07-02 14:46:28,228 DEBUG 6461 --- [nio-9999-exec-2] c.i.p.m.t.d.B.compareBatchList           : <==      Total: 5
2019-07-02 14:46:28,243 DEBUG 6461 --- [nio-9999-exec-2] c.i.p.m.t.d.B.compareBatchCount          : ==>  Preparing: select count(1) from pay_center3_bill_compare_batch 
2019-07-02 14:46:28,244 DEBUG 6461 --- [nio-9999-exec-2] c.i.p.m.t.d.B.compareBatchCount          : ==> Parameters: 
2019-07-02 14:46:28,248 DEBUG 6461 --- [nio-9999-exec-2] c.i.p.m.t.d.B.compareBatchCount          : <==      Total: 1
2019-07-02 14:46:52,152  INFO 6461 --- [nio-9999-exec-1] c.i.p.m.trade.controller.BillController  : compareBatchList: request={batchName=null, payType=null, offset=0, appId=null, limit=5, billStatus=null, billDate=null}
2019-07-02 14:46:52,154 DEBUG 6461 --- [nio-9999-exec-1] c.i.p.m.t.d.B.compareBatchList           : ==>  Preparing: select `id`,`app_id`, `name`, `pay_type`, `bill_date`, `mistake_count`, `unhandle_mistake_count`, `bill_pay_count`, `request_pay_count`, `bill_refund_count`, `request_refund_count`, `bill_pay_amount`, `request_pay_amount`, `bill_refund_amount`, `request_refund_amount`, `pay_service_charge`, `refund_service_charge`, `create_time`, `update_time` from pay_center3_bill_compare_batch ORDER BY bill_date DESC,create_time DESC limit ?,? 
2019-07-02 14:46:52,154 DEBUG 6461 --- [nio-9999-exec-1] c.i.p.m.t.d.B.compareBatchList           : ==> Parameters: 0(Integer), 5(Integer)
2019-07-02 14:46:52,160 DEBUG 6461 --- [nio-9999-exec-1] c.i.p.m.t.d.B.compareBatchList           : <==      Total: 5
2019-07-02 14:46:52,162 DEBUG 6461 --- [nio-9999-exec-1] c.i.p.m.t.d.B.compareBatchCount          : ==>  Preparing: select count(1) from pay_center3_bill_compare_batch 
2019-07-02 14:46:52,162 DEBUG 6461 --- [nio-9999-exec-1] c.i.p.m.t.d.B.compareBatchCount          : ==> Parameters: 
2019-07-02 14:46:52,166 DEBUG 6461 --- [nio-9999-exec-1] c.i.p.m.t.d.B.compareBatchCount          : <==      Total: 1
2019-07-02 14:47:09,588  INFO 6461 --- [nio-9999-exec-4] c.i.p.m.trade.controller.BillController  : compareBatchList: request={batchName=null, payType=null, offset=0, appId=null, limit=5, billStatus=null, billDate=null}
2019-07-02 14:47:09,590 DEBUG 6461 --- [nio-9999-exec-4] c.i.p.m.t.d.B.compareBatchList           : ==>  Preparing: select `id`,`app_id`, `name`, `pay_type`, `bill_date`, `mistake_count`, `unhandle_mistake_count`, `bill_pay_count`, `request_pay_count`, `bill_refund_count`, `request_refund_count`, `bill_pay_amount`, `request_pay_amount`, `bill_refund_amount`, `request_refund_amount`, `pay_service_charge`, `refund_service_charge`, `create_time`, `update_time` from pay_center3_bill_compare_batch ORDER BY bill_date DESC,create_time DESC limit ?,? 
2019-07-02 14:47:09,591 DEBUG 6461 --- [nio-9999-exec-4] c.i.p.m.t.d.B.compareBatchList           : ==> Parameters: 0(Integer), 5(Integer)
2019-07-02 14:47:09,598 DEBUG 6461 --- [nio-9999-exec-4] c.i.p.m.t.d.B.compareBatchList           : <==      Total: 5
2019-07-02 14:47:09,600 DEBUG 6461 --- [nio-9999-exec-4] c.i.p.m.t.d.B.compareBatchCount          : ==>  Preparing: select count(1) from pay_center3_bill_compare_batch 
2019-07-02 14:47:09,600 DEBUG 6461 --- [nio-9999-exec-4] c.i.p.m.t.d.B.compareBatchCount          : ==> Parameters: 
2019-07-02 14:47:09,604 DEBUG 6461 --- [nio-9999-exec-4] c.i.p.m.t.d.B.compareBatchCount          : <==      Total: 1
2019-07-02 14:47:29,640  INFO 6461 --- [nio-9999-exec-5] c.i.p.m.trade.controller.BillController  : compareBatchList: request={batchName=null, payType=null, offset=0, appId=505, limit=5, billStatus=null, billDate=null}
2019-07-02 14:47:29,642 DEBUG 6461 --- [nio-9999-exec-5] c.i.p.m.t.d.B.compareBatchList           : ==>  Preparing: select `id`,`app_id`, `name`, `pay_type`, `bill_date`, `mistake_count`, `unhandle_mistake_count`, `bill_pay_count`, `request_pay_count`, `bill_refund_count`, `request_refund_count`, `bill_pay_amount`, `request_pay_amount`, `bill_refund_amount`, `request_refund_amount`, `pay_service_charge`, `refund_service_charge`, `create_time`, `update_time` from pay_center3_bill_compare_batch WHERE app_id = ? ORDER BY bill_date DESC,create_time DESC limit ?,? 
2019-07-02 14:47:29,643 DEBUG 6461 --- [nio-9999-exec-5] c.i.p.m.t.d.B.compareBatchList           : ==> Parameters: 505(String), 0(Integer), 5(Integer)
2019-07-02 14:47:29,651 DEBUG 6461 --- [nio-9999-exec-5] c.i.p.m.t.d.B.compareBatchList           : <==      Total: 0
2019-07-02 14:47:29,653 DEBUG 6461 --- [nio-9999-exec-5] c.i.p.m.t.d.B.compareBatchCount          : ==>  Preparing: select count(1) from pay_center3_bill_compare_batch WHERE app_id = ? 
2019-07-02 14:47:29,653 DEBUG 6461 --- [nio-9999-exec-5] c.i.p.m.t.d.B.compareBatchCount          : ==> Parameters: 505(String)
2019-07-02 14:47:29,661 DEBUG 6461 --- [nio-9999-exec-5] c.i.p.m.t.d.B.compareBatchCount          : <==      Total: 1
2019-07-02 14:47:29,669  WARN 6461 --- [nio-9999-exec-5] c.i.payment.common.WebExceptionHandler   : IllegalStateException: 无匹配的批次记录
2019-07-02 14:47:29,677  WARN 6461 --- [nio-9999-exec-5] .m.m.a.ExceptionHandlerExceptionResolver : Resolved [java.lang.IllegalStateException: 无匹配的批次记录]
2019-07-02 14:47:48,957  INFO 6461 --- [nio-9999-exec-3] c.i.p.m.trade.controller.BillController  : compareBatchList: request={batchName=null, payType=null, offset=0, appId=501, limit=5, billStatus=null, billDate=null}
2019-07-02 14:47:48,958 DEBUG 6461 --- [nio-9999-exec-3] c.i.p.m.t.d.B.compareBatchList           : ==>  Preparing: select `id`,`app_id`, `name`, `pay_type`, `bill_date`, `mistake_count`, `unhandle_mistake_count`, `bill_pay_count`, `request_pay_count`, `bill_refund_count`, `request_refund_count`, `bill_pay_amount`, `request_pay_amount`, `bill_refund_amount`, `request_refund_amount`, `pay_service_charge`, `refund_service_charge`, `create_time`, `update_time` from pay_center3_bill_compare_batch WHERE app_id = ? ORDER BY bill_date DESC,create_time DESC limit ?,? 
2019-07-02 14:47:48,960 DEBUG 6461 --- [nio-9999-exec-3] c.i.p.m.t.d.B.compareBatchList           : ==> Parameters: 501(String), 0(Integer), 5(Integer)
2019-07-02 14:47:48,967 DEBUG 6461 --- [nio-9999-exec-3] c.i.p.m.t.d.B.compareBatchList           : <==      Total: 1
2019-07-02 14:47:48,969 DEBUG 6461 --- [nio-9999-exec-3] c.i.p.m.t.d.B.compareBatchCount          : ==>  Preparing: select count(1) from pay_center3_bill_compare_batch WHERE app_id = ? 
2019-07-02 14:47:48,971 DEBUG 6461 --- [nio-9999-exec-3] c.i.p.m.t.d.B.compareBatchCount          : ==> Parameters: 501(String)
2019-07-02 14:47:48,975 DEBUG 6461 --- [nio-9999-exec-3] c.i.p.m.t.d.B.compareBatchCount          : <==      Total: 1
2019-07-02 14:49:42,742  INFO 6461 --- [       Thread-7] o.s.s.c.ThreadPoolTaskScheduler          : Shutting down ExecutorService 'taskScheduler'
2019-07-02 14:49:42,748  INFO 6461 --- [       Thread-7] o.s.s.concurrent.ThreadPoolTaskExecutor  : Shutting down ExecutorService 'applicationTaskExecutor'
2019-07-02 14:49:42,774  INFO 6461 --- [       Thread-7] com.alibaba.druid.pool.DruidDataSource   : {dataSource-1} closed
2019-07-02 14:49:43,745  INFO 6461 --- [  restartedMain] com.intbee.payment.Application           : Starting Application on lishihaideMac-mini.local with PID 6461 (/Users/zhenling/Nesting/zc-service-pay/target/classes started by zhenling in /Users/zhenling/Nesting/zc-service-pay)
2019-07-02 14:49:43,746  INFO 6461 --- [  restartedMain] com.intbee.payment.Application           : The following profiles are active: szdev
2019-07-02 14:49:46,653  INFO 6461 --- [  restartedMain] trationDelegate$BeanPostProcessorChecker : Bean 'org.springframework.kafka.annotation.KafkaBootstrapConfiguration' of type [org.springframework.kafka.annotation.KafkaBootstrapConfiguration$$EnhancerBySpringCGLIB$$1623bd47] is not eligible for getting processed by all BeanPostProcessors (for example: not eligible for auto-proxying)
2019-07-02 14:49:46,685  INFO 6461 --- [  restartedMain] trationDelegate$BeanPostProcessorChecker : Bean 'org.springframework.retry.annotation.RetryConfiguration' of type [org.springframework.retry.annotation.RetryConfiguration$$EnhancerBySpringCGLIB$$383543e9] is not eligible for getting processed by all BeanPostProcessors (for example: not eligible for auto-proxying)
2019-07-02 14:49:46,704  INFO 6461 --- [  restartedMain] trationDelegate$BeanPostProcessorChecker : Bean 'org.springframework.transaction.annotation.ProxyTransactionManagementConfiguration' of type [org.springframework.transaction.annotation.ProxyTransactionManagementConfiguration$$EnhancerBySpringCGLIB$$4271abc4] is not eligible for getting processed by all BeanPostProcessors (for example: not eligible for auto-proxying)
2019-07-02 14:49:46,731  INFO 6461 --- [  restartedMain] o.s.s.concurrent.ThreadPoolTaskExecutor  : Initializing ExecutorService
2019-07-02 14:49:46,908  INFO 6461 --- [  restartedMain] o.s.b.w.embedded.tomcat.TomcatWebServer  : Tomcat initialized with port(s): 9999 (http)
2019-07-02 14:49:46,929  INFO 6461 --- [  restartedMain] o.s.web.context.ContextLoader            : Root WebApplicationContext: initialization completed in 3169 ms
2019-07-02 14:49:47,138  INFO 6461 --- [  restartedMain] c.a.d.s.b.a.DruidDataSourceAutoConfigure : Init DruidDataSource
2019-07-02 14:49:47,463  INFO 6461 --- [  restartedMain] com.alibaba.druid.pool.DruidDataSource   : {dataSource-2} inited
2019-07-02 14:49:47,772  INFO 6461 --- [  restartedMain] c.i.payment.common.config.PaymentConfig  : payment domain config: http://116.85.33.137:21999
2019-07-02 14:49:47,778  INFO 6461 --- [  restartedMain] c.i.payment.common.config.AlipayConfig   : appid [503] alipay initialized: AlipayConfig(id=503, remark=全球带-支付宝, mchid=2088221861486600, appid=2016052401436400, signType=RSA, environment=dev, privateKey=MIICdgIBADANBgkqhkiG9w0BAQEFAASCAmAwggJcAgEAAoGBAJzAkjQpzJ34jaCSwhuIVWL+1cHBmtv8L5e/3ABufLB+23QqGHqXwpOYM25TAeHzzcjsFZi8s2sIcxADbZZrBZS+30S/DxzTEJlufoVYg4jPnfjwedKhcvfvr79iNSEFUTOxP04ESxOHoBIW+Ob57x01e/+la++CS22T2rmvPksvAgMBAAECgYAET181w/h2V4E9awufSi5e3HbwLuydI+ADIilgcalICRTrqsSlikq1WDgBzpJ8rgF4htVJL9cXGFJhnFaFDkhG9bxY2IZJmx9uVyJVOzc9kDpaYhsNiBe1RHfrst5wOs29p3T3tlt5z5ERSAK6FPzcA7YVzEIuH9U+0KY+Dk0P8QJBAMoT+KlORI71ckjhghLcQCs0UyWzSlcpTGzhah3CtmJGau0Uqc2banCh+xjFSYibB8Y/cEjnnEAu6miH3a0Uhf0CQQDGlGCz2h0b5Ydi47V8I58Xx+Q8ORZ52GS84jLGjvUdgXwqXVWbGVUfrP4e4BFoYwALNYbJ6No3sCrR9P8pyEebAkApB/MWlYDQMkA5UiiyIayZ2S8E2am/lvAgr4h3cIDN5ZRyfR6ZU/RB2HH+rphmt2vVsi3fb7/HPH92KBg3u5IVAkBSv0+Qgknw7vM8fOCKKxnHQg9UHQHFoitQHf3EiZuQQP2pdZ0PdT3oZiC6Yuo+EkrZYOOazUHpRKqDNNEC6ycTAkEAqCd9GrBrW7K5eJ9+kReD2Tad7jDEI49sAwrTrpQccYwFdYIsBD57KTSanjn1BsuOBxTXOu0Lw4EkaJjq0+NTOQ==, publicKey=MIGfMA0GCSqGSIb3DQEBAQUAA4GNADCBiQKBgQDDI6d306Q8fIfCOaTXyiUeJHkrIvYISRcc73s3vF1ZT7XN8RNPwJxo8pWaJMmvyTn9N4HQ632qJBVHf8sxHi/fEsraprwCtzvzQETrNRwVxLO5jVmRGi60j8Ue1efIlzPXV9je9mkjzOmdssymZkh2QhUrCmZYI/FCEa3/cNMW0QIDAQAB, payNotifyUrl=http://116.85.33.137:21999/api/trade/payment/503/alipay/payNotify, refundNotifyUrl=http://116.85.33.137:21999/api/trade/payment/503/alipay/refundNotify)
2019-07-02 14:49:47,780  INFO 6461 --- [  restartedMain] c.i.payment.common.config.WxpayConfig    : load wx certfile from [classpath:cert/wx/apiclient_cert-503-app.p12]
2019-07-02 14:49:47,781  INFO 6461 --- [  restartedMain] c.i.payment.common.config.WxpayConfig    : load wx certfile successful
2019-07-02 14:49:47,781  INFO 6461 --- [  restartedMain] c.i.payment.common.config.WxpayConfig    : appid [503] wx initialized: WxpayConfig(id=503, payType=null, tradeType=wap, remark=全球带-微信, key=6RPA3YLKonTECiHH9uDGbYw0MdJUK5QJ, appid=wxd86049a121654669, mchid=1505417821, certPath=classpath:cert/wx/apiclient_cert-503-app.p12, payNotifyUrl=http://116.85.33.137:21999/api/trade/payment/503/wx/payNotify, refundNotifyUrl=http://116.85.33.137:21999/api/trade/payment/wx/wap/503/refundNotify, reportURL=https://api.mch.weixin.qq.com/payitil/report, connectTimeout=6000, readTimeout=8000)
2019-07-02 14:49:47,781  INFO 6461 --- [  restartedMain] c.i.payment.common.config.AlipayConfig   : appid [101] alipay initialized: AlipayConfig(id=101, remark=智蜂-支付宝, mchid=2088221861486600, appid=2016052401436400, signType=RSA, environment=dev, privateKey=MIICdgIBADANBgkqhkiG9w0BAQEFAASCAmAwggJcAgEAAoGBAJzAkjQpzJ34jaCSwhuIVWL+1cHBmtv8L5e/3ABufLB+23QqGHqXwpOYM25TAeHzzcjsFZi8s2sIcxADbZZrBZS+30S/DxzTEJlufoVYg4jPnfjwedKhcvfvr79iNSEFUTOxP04ESxOHoBIW+Ob57x01e/+la++CS22T2rmvPksvAgMBAAECgYAET181w/h2V4E9awufSi5e3HbwLuydI+ADIilgcalICRTrqsSlikq1WDgBzpJ8rgF4htVJL9cXGFJhnFaFDkhG9bxY2IZJmx9uVyJVOzc9kDpaYhsNiBe1RHfrst5wOs29p3T3tlt5z5ERSAK6FPzcA7YVzEIuH9U+0KY+Dk0P8QJBAMoT+KlORI71ckjhghLcQCs0UyWzSlcpTGzhah3CtmJGau0Uqc2banCh+xjFSYibB8Y/cEjnnEAu6miH3a0Uhf0CQQDGlGCz2h0b5Ydi47V8I58Xx+Q8ORZ52GS84jLGjvUdgXwqXVWbGVUfrP4e4BFoYwALNYbJ6No3sCrR9P8pyEebAkApB/MWlYDQMkA5UiiyIayZ2S8E2am/lvAgr4h3cIDN5ZRyfR6ZU/RB2HH+rphmt2vVsi3fb7/HPH92KBg3u5IVAkBSv0+Qgknw7vM8fOCKKxnHQg9UHQHFoitQHf3EiZuQQP2pdZ0PdT3oZiC6Yuo+EkrZYOOazUHpRKqDNNEC6ycTAkEAqCd9GrBrW7K5eJ9+kReD2Tad7jDEI49sAwrTrpQccYwFdYIsBD57KTSanjn1BsuOBxTXOu0Lw4EkaJjq0+NTOQ==, publicKey=MIGfMA0GCSqGSIb3DQEBAQUAA4GNADCBiQKBgQDDI6d306Q8fIfCOaTXyiUeJHkrIvYISRcc73s3vF1ZT7XN8RNPwJxo8pWaJMmvyTn9N4HQ632qJBVHf8sxHi/fEsraprwCtzvzQETrNRwVxLO5jVmRGi60j8Ue1efIlzPXV9je9mkjzOmdssymZkh2QhUrCmZYI/FCEa3/cNMW0QIDAQAB, payNotifyUrl=http://116.85.33.137:21999/api/trade/payment/101/alipay/payNotify, refundNotifyUrl=http://116.85.33.137:21999/api/trade/payment/101/alipay/refundNotify)
2019-07-02 14:49:47,782  INFO 6461 --- [  restartedMain] c.i.payment.common.config.WxpayConfig    : load wx certfile from [classpath:cert/wx/apiclient_cert-1367026602.p12]
2019-07-02 14:49:47,782  INFO 6461 --- [  restartedMain] c.i.payment.common.config.WxpayConfig    : load wx certfile successful
2019-07-02 14:49:47,782  INFO 6461 --- [  restartedMain] c.i.payment.common.config.WxpayConfig    : appid [101] wx initialized: WxpayConfig(id=101, payType=null, tradeType=wap, remark=智蜂-微信, key=d195f111fd3bf436951b90973f0ccac8, appid=wxf712db1e1042a294, mchid=1367026602, certPath=classpath:cert/wx/apiclient_cert-1367026602.p12, payNotifyUrl=http://116.85.33.137:21999/api/trade/payment/101/wx/payNotify, refundNotifyUrl=http://116.85.33.137:21999/api/trade/payment/wx/wap/101/refundNotify, reportURL=https://api.mch.weixin.qq.com/payitil/report, connectTimeout=6000, readTimeout=8000)
2019-07-02 14:49:47,782  INFO 6461 --- [  restartedMain] c.i.payment.common.config.WxpayConfig    : load wx certfile from [classpath:cert/wx/apiclient_cert-1429146602.p12]
2019-07-02 14:49:47,783  INFO 6461 --- [  restartedMain] c.i.payment.common.config.WxpayConfig    : load wx certfile successful
2019-07-02 14:49:47,783  INFO 6461 --- [  restartedMain] c.i.payment.common.config.WxpayConfig    : appid [101] wx initialized: WxpayConfig(id=101, payType=null, tradeType=lite, remark=小程序-微信, key=d195f111fd3bf436951b90973f0ccac8, appid=wxc9d0a70977ecf5fe, mchid=1429146602, certPath=classpath:cert/wx/apiclient_cert-1429146602.p12, payNotifyUrl=http://116.85.33.137:21999/api/trade/payment/101/wx/payNotify, refundNotifyUrl=http://116.85.33.137:21999/api/trade/payment/wx/lite/101/refundNotify, reportURL=https://api.mch.weixin.qq.com/payitil/report, connectTimeout=6000, readTimeout=8000)
2019-07-02 14:49:47,783  INFO 6461 --- [  restartedMain] c.i.payment.common.config.WxpayConfig    : load wx certfile from [classpath:cert/wx/apiclient_cert-501-lite.p12]
2019-07-02 14:49:47,783  INFO 6461 --- [  restartedMain] c.i.payment.common.config.WxpayConfig    : load wx certfile successful
2019-07-02 14:49:47,783  INFO 6461 --- [  restartedMain] c.i.payment.common.config.WxpayConfig    : appid [501] wx initialized: WxpayConfig(id=501, payType=null, tradeType=wap, remark=高校通-微信, key=d195f111fd3bf436951b90973f0ccac8, appid=wx1e86ddc5b2485ab2, mchid=1429146602, certPath=classpath:cert/wx/apiclient_cert-501-lite.p12, payNotifyUrl=http://116.85.33.137:21999/api/trade/payment/501/wx/payNotify, refundNotifyUrl=http://116.85.33.137:21999/api/trade/payment/wx/wap/501/refundNotify, reportURL=https://api.mch.weixin.qq.com/payitil/report, connectTimeout=6000, readTimeout=8000)
2019-07-02 14:49:47,784  INFO 6461 --- [  restartedMain] c.i.payment.common.config.WxpayConfig    : load wx certfile from [classpath:cert/wx/apiclient_cert-501-lite.p12]
2019-07-02 14:49:47,784  INFO 6461 --- [  restartedMain] c.i.payment.common.config.WxpayConfig    : load wx certfile successful
2019-07-02 14:49:47,784  INFO 6461 --- [  restartedMain] c.i.payment.common.config.WxpayConfig    : appid [501] wx initialized: WxpayConfig(id=501, payType=null, tradeType=lite, remark=高校通小程序-微信, key=d195f111fd3bf436951b90973f0ccac8, appid=wx1e86ddc5b2485ab2, mchid=1429146602, certPath=classpath:cert/wx/apiclient_cert-501-lite.p12, payNotifyUrl=http://116.85.33.137:21999/api/trade/payment/501/wx/payNotify, refundNotifyUrl=http://116.85.33.137:21999/api/trade/payment/wx/lite/501/refundNotify, reportURL=https://api.mch.weixin.qq.com/payitil/report, connectTimeout=6000, readTimeout=8000)
2019-07-02 14:49:48,240  INFO 6461 --- [  restartedMain] c.i.p.m.t.s.impl.PaymentServiceProxy     : registe PaymentService: alipay -> class com.intbee.payment.modules.trade.service.impl.AlipayServiceImpl$$EnhancerBySpringCGLIB$$90759acf
2019-07-02 14:49:48,253  INFO 6461 --- [  restartedMain] c.i.p.m.t.s.impl.PaymentServiceProxy     : registe PaymentService: wx -> class com.intbee.payment.modules.trade.service.impl.WxServiceImpl$$EnhancerBySpringCGLIB$$abdb688a
2019-07-02 14:49:48,403  INFO 6461 --- [  restartedMain] c.i.p.m.t.service.impl.BillServiceProxy  : registe BillService: alipay -> class com.intbee.payment.modules.trade.service.impl.AlipayBillServiceImpl
2019-07-02 14:49:48,403  INFO 6461 --- [  restartedMain] c.i.p.m.t.service.impl.BillServiceProxy  : registe BillService: wx -> class com.intbee.payment.modules.trade.service.impl.WxBillServiceImpl
2019-07-02 14:49:49,083  INFO 6461 --- [  restartedMain] o.s.b.a.e.web.EndpointLinksResolver      : Exposing 5 endpoint(s) beneath base path '/actuator'
2019-07-02 14:49:49,355  INFO 6461 --- [  restartedMain] o.s.s.concurrent.ThreadPoolTaskExecutor  : Initializing ExecutorService 'applicationTaskExecutor'
2019-07-02 14:49:49,373  INFO 6461 --- [  restartedMain] o.s.b.d.a.OptionalLiveReloadServer       : LiveReload server is running on port 35729
2019-07-02 14:49:49,618  INFO 6461 --- [  restartedMain] o.s.s.c.ThreadPoolTaskScheduler          : Initializing ExecutorService 'taskScheduler'
2019-07-02 14:49:50,389  INFO 6461 --- [  restartedMain] o.s.b.w.embedded.tomcat.TomcatWebServer  : Tomcat started on port(s): 9999 (http) with context path '/api'
2019-07-02 14:49:50,393  INFO 6461 --- [  restartedMain] com.intbee.payment.Application           : Started Application in 6.99 seconds (JVM running for 1130.721)
2019-07-02 14:49:50,413  INFO 6461 --- [  async-event-5] .ConditionEvaluationDeltaLoggingListener : Condition evaluation unchanged
